ERROR 2019-03-26T12:04:30Z: rls::actions: failed to fetch project model, using fallback: failed to read `/Users/georgionicolas/Symbolic Software/Noise Explorer/NoiseExplorer/Cargo.toml`
ERROR 2019-03-26T12:08:36Z: rls::actions: failed to fetch project model, using fallback: failed to read `/Users/georgionicolas/Symbolic Software/Noise Explorer/NoiseExplorer/Cargo.toml`
ERROR 2019-03-26T12:11:05Z: rls::actions: failed to fetch project model, using fallback: failed to read `/Users/georgionicolas/Symbolic Software/Noise Explorer/NoiseExplorer/Cargo.toml`
ERROR 2019-03-26T12:11:06Z: rls::actions: failed to fetch project model, using fallback: failed to read `/Users/georgionicolas/Symbolic Software/Noise Explorer/NoiseExplorer/Cargo.toml`
ERROR 2019-03-26T12:11:07Z: rls::actions: failed to fetch project model, using fallback: failed to read `/Users/georgionicolas/Symbolic Software/Noise Explorer/NoiseExplorer/Cargo.toml`
ERROR 2019-03-26T12:11:12Z: rls::actions: failed to fetch project model, using fallback: failed to read `/Users/georgionicolas/Symbolic Software/Noise Explorer/NoiseExplorer/Cargo.toml`
ERROR 2019-03-26T12:11:12Z: rls::actions: failed to fetch project model, using fallback: failed to read `/Users/georgionicolas/Symbolic Software/Noise Explorer/NoiseExplorer/Cargo.toml`
ERROR 2019-03-26T12:11:14Z: rls::actions: failed to fetch project model, using fallback: failed to read `/Users/georgionicolas/Symbolic Software/Noise Explorer/NoiseExplorer/Cargo.toml`
ERROR 2019-03-26T12:11:16Z: rls::actions: failed to fetch project model, using fallback: failed to read `/Users/georgionicolas/Symbolic Software/Noise Explorer/NoiseExplorer/Cargo.toml`
ERROR 2019-03-26T12:11:21Z: rls::actions: failed to fetch project model, using fallback: failed to read `/Users/georgionicolas/Symbolic Software/Noise Explorer/NoiseExplorer/Cargo.toml`
ERROR 2019-03-26T12:11:22Z: rls::actions: failed to fetch project model, using fallback: failed to read `/Users/georgionicolas/Symbolic Software/Noise Explorer/NoiseExplorer/Cargo.toml`
ERROR 2019-03-26T12:11:28Z: rls::actions: failed to fetch project model, using fallback: failed to read `/Users/georgionicolas/Symbolic Software/Noise Explorer/NoiseExplorer/Cargo.toml`
ERROR 2019-03-26T12:18:21Z: rls::actions: failed to fetch project model, using fallback: failed to read `/Users/georgionicolas/Symbolic Software/Noise Explorer/NoiseExplorer/Cargo.toml`
ERROR 2019-03-26T12:21:12Z: rls::actions: failed to fetch project model, using fallback: failed to read `/Users/georgionicolas/Symbolic Software/Noise Explorer/NoiseExplorer/Cargo.toml`
ERROR 2019-03-26T12:21:12Z: rls::actions: failed to fetch project model, using fallback: failed to read `/Users/georgionicolas/Symbolic Software/Noise Explorer/NoiseExplorer/Cargo.toml`
ERROR 2019-03-26T12:21:12Z: rls::actions: failed to fetch project model, using fallback: failed to read `/Users/georgionicolas/Symbolic Software/Noise Explorer/NoiseExplorer/Cargo.toml`
ERROR 2019-03-26T12:21:13Z: rls::actions: failed to fetch project model, using fallback: failed to read `/Users/georgionicolas/Symbolic Software/Noise Explorer/NoiseExplorer/Cargo.toml`
ERROR 2019-03-26T12:21:34Z: rls::actions: failed to fetch project model, using fallback: failed to read `/Users/georgionicolas/Symbolic Software/Noise Explorer/NoiseExplorer/Cargo.toml`
ERROR 2019-03-26T12:21:43Z: rls::actions: failed to fetch project model, using fallback: failed to read `/Users/georgionicolas/Symbolic Software/Noise Explorer/NoiseExplorer/Cargo.toml`
ERROR 2019-03-26T12:22:01Z: rls::actions: failed to fetch project model, using fallback: failed to read `/Users/georgionicolas/Symbolic Software/Noise Explorer/NoiseExplorer/Cargo.toml`
ERROR 2019-03-26T12:22:07Z: rls::actions: failed to fetch project model, using fallback: failed to read `/Users/georgionicolas/Symbolic Software/Noise Explorer/NoiseExplorer/Cargo.toml`
ERROR 2019-03-26T12:22:11Z: rls::actions: failed to fetch project model, using fallback: failed to read `/Users/georgionicolas/Symbolic Software/Noise Explorer/NoiseExplorer/Cargo.toml`
ERROR 2019-03-26T12:22:11Z: rls::actions: failed to fetch project model, using fallback: failed to read `/Users/georgionicolas/Symbolic Software/Noise Explorer/NoiseExplorer/Cargo.toml`
ERROR 2019-03-26T12:40:40Z: rls::actions::hover: racer_def: skipping non-existant file: "/Users/georgionicolas/Symbolic Software/Noise Explorer/NoiseExplorer/implementations/rs/tests/I1K1.noise.rs"
ERROR 2019-03-26T13:19:38Z: rls::actions: failed to fetch project model, using fallback: failed to read `/Users/georgionicolas/Symbolic Software/Noise Explorer/NoiseExplorer/Cargo.toml`
ERROR 2019-03-26T13:24:51Z: rls::actions: failed to fetch project model, using fallback: failed to read `/Users/georgionicolas/Symbolic Software/Noise Explorer/NoiseExplorer/Cargo.toml`
ERROR 2019-03-26T13:25:18Z: rls::actions: failed to fetch project model, using fallback: failed to read `/Users/georgionicolas/Symbolic Software/Noise Explorer/NoiseExplorer/Cargo.toml`
error: expected identifier, found `;`
 --> <racer-file>:1:21
  |
1 | use                 ;
  |                     ^ expected identifier

ERROR 2019-03-26T13:25:20Z: rls::actions: failed to fetch project model, using fallback: failed to read `/Users/georgionicolas/Symbolic Software/Noise Explorer/NoiseExplorer/Cargo.toml`
error: expected identifier, found `;`
 --> <racer-file>:1:21
  |
1 | use                 ;
  |                     ^ expected identifier

ERROR 2019-03-26T13:25:21Z: rls::actions: failed to fetch project model, using fallback: failed to read `/Users/georgionicolas/Symbolic Software/Noise Explorer/NoiseExplorer/Cargo.toml`
error: expected identifier, found `;`
 --> <racer-file>:1:21
  |
1 | use                 ;
  |                     ^ expected identifier

ERROR 2019-03-26T13:25:21Z: rls::actions: failed to fetch project model, using fallback: failed to read `/Users/georgionicolas/Symbolic Software/Noise Explorer/NoiseExplorer/Cargo.toml`
error: expected identifier, found `;`
 --> <racer-file>:1:21
  |
1 | use                 ;
  |                     ^ expected identifier

ERROR 2019-03-26T13:25:22Z: rls::actions: failed to fetch project model, using fallback: failed to read `/Users/georgionicolas/Symbolic Software/Noise Explorer/NoiseExplorer/Cargo.toml`
error: expected identifier, found `;`
 --> <racer-file>:1:21
  |
1 | use                 ;
  |                     ^ expected identifier

ERROR 2019-03-26T13:25:23Z: rls::actions: failed to fetch project model, using fallback: failed to read `/Users/georgionicolas/Symbolic Software/Noise Explorer/NoiseExplorer/Cargo.toml`
error: expected identifier, found `;`
 --> <racer-file>:1:21
  |
1 | use                 ;
  |                     ^ expected identifier

ERROR 2019-03-26T13:25:23Z: rls::actions: failed to fetch project model, using fallback: failed to read `/Users/georgionicolas/Symbolic Software/Noise Explorer/NoiseExplorer/Cargo.toml`
error: expected identifier, found `;`
 --> <racer-file>:1:21
  |
1 | use                 ;
  |                     ^ expected identifier

ERROR 2019-03-26T13:43:12Z: rls::actions::hover: racer_def: skipping non-existant file: "/Users/georgionicolas/Symbolic Software/Noise Explorer/NoiseExplorer/implementations/rs/tests/I1K1.noise.rs"
ERROR 2019-03-26T13:44:55Z: rls::actions::hover: racer_def: skipping non-existant file: "/Users/georgionicolas/Symbolic Software/Noise Explorer/NoiseExplorer/implementations/rs/tests/I1K1.noise.rs"
ERROR 2019-03-26T13:45:00Z: rls::actions: failed to fetch project model, using fallback: failed to read `/Users/georgionicolas/Symbolic Software/Noise Explorer/NoiseExplorer/Cargo.toml`
error: expected identifier, found `;`
 --> <racer-file>:1:21
  |
1 | use                 ;
  |                     ^ expected identifier

ERROR 2019-03-26T13:45:00Z: rls::actions: failed to fetch project model, using fallback: failed to read `/Users/georgionicolas/Symbolic Software/Noise Explorer/NoiseExplorer/Cargo.toml`
error: expected identifier, found `;`
 --> <racer-file>:1:21
  |
1 | use                 ;
  |                     ^ expected identifier

ERROR 2019-03-26T13:45:02Z: rls::actions: failed to fetch project model, using fallback: failed to read `/Users/georgionicolas/Symbolic Software/Noise Explorer/NoiseExplorer/Cargo.toml`
error: expected identifier, found `;`
 --> <racer-file>:1:21
  |
1 | use                 ;
  |                     ^ expected identifier

ERROR 2019-03-26T13:45:02Z: rls::actions: failed to fetch project model, using fallback: failed to read `/Users/georgionicolas/Symbolic Software/Noise Explorer/NoiseExplorer/Cargo.toml`
ERROR 2019-03-26T13:45:03Z: rls::actions: failed to fetch project model, using fallback: failed to read `/Users/georgionicolas/Symbolic Software/Noise Explorer/NoiseExplorer/Cargo.toml`
ERROR 2019-03-26T13:45:20Z: rls::actions: failed to fetch project model, using fallback: failed to read `/Users/georgionicolas/Symbolic Software/Noise Explorer/NoiseExplorer/Cargo.toml`
ERROR 2019-03-26T13:45:26Z: rls::actions::hover: racer_def: skipping non-existant file: "/Users/georgionicolas/Symbolic Software/Noise Explorer/NoiseExplorer/implementations/rs/tests/I1K1.noise.rs"
ERROR 2019-03-26T13:45:26Z: rls::actions::hover: racer_def: skipping non-existant file: "/Users/georgionicolas/Symbolic Software/Noise Explorer/NoiseExplorer/implementations/rs/tests/I1K1.noise.rs"
ERROR 2019-03-26T13:45:27Z: rls::actions::hover: racer_def: skipping non-existant file: "/Users/georgionicolas/Symbolic Software/Noise Explorer/NoiseExplorer/implementations/rs/tests/I1K1.noise.rs"
ERROR 2019-03-26T13:45:27Z: rls::actions::hover: racer_def: skipping non-existant file: "/Users/georgionicolas/Symbolic Software/Noise Explorer/NoiseExplorer/implementations/rs/tests/I1K1.noise.rs"
ERROR 2019-03-26T13:46:00Z: rls::actions: failed to fetch project model, using fallback: failed to read `/Users/georgionicolas/Symbolic Software/Noise Explorer/NoiseExplorer/Cargo.toml`
ERROR 2019-03-26T13:46:22Z: rls::actions: failed to fetch project model, using fallback: failed to read `/Users/georgionicolas/Symbolic Software/Noise Explorer/NoiseExplorer/Cargo.toml`
ERROR 2019-03-26T13:46:52Z: rls::actions: failed to fetch project model, using fallback: failed to read `/Users/georgionicolas/Symbolic Software/Noise Explorer/NoiseExplorer/Cargo.toml`
error: expected identifier, found `(`
 --> <stdin>:1:33
  |
1 | impl Dummy { fn /*pattern_name*/() { unimplemented!() } }
  |                                 ^ expected identifier

ERROR 2019-03-26T13:46:52Z: rls::actions::hover: format_method: error: "Reformat failed to complete successfully", input: "impl Dummy { fn /*pattern_name*/() { unimplemented!() } }"
ERROR 2019-03-26T13:46:52Z: rls::actions: failed to fetch project model, using fallback: failed to read `/Users/georgionicolas/Symbolic Software/Noise Explorer/NoiseExplorer/Cargo.toml`
error: expected identifier, found `(`
 --> <stdin>:1:33
  |
1 | impl Dummy { fn /*pattern_name*/() { unimplemented!() } }
  |                                 ^ expected identifier

ERROR 2019-03-26T13:46:52Z: rls::actions::hover: format_method: error: "Reformat failed to complete successfully", input: "impl Dummy { fn /*pattern_name*/() { unimplemented!() } }"
ERROR 2019-03-26T13:47:07Z: rls::actions: failed to fetch project model, using fallback: failed to read `/Users/georgionicolas/Symbolic Software/Noise Explorer/NoiseExplorer/Cargo.toml`
error: expected identifier, found `(`
 --> <stdin>:1:33
  |
1 | impl Dummy { fn /*pattern_name*/() { unimplemented!() } }
  |                                 ^ expected identifier

ERROR 2019-03-26T13:47:07Z: rls::actions::hover: format_method: error: "Reformat failed to complete successfully", input: "impl Dummy { fn /*pattern_name*/() { unimplemented!() } }"
ERROR 2019-03-26T13:47:12Z: rls::actions: failed to fetch project model, using fallback: failed to read `/Users/georgionicolas/Symbolic Software/Noise Explorer/NoiseExplorer/Cargo.toml`
ERROR 2019-03-26T13:47:13Z: rls::actions: failed to fetch project model, using fallback: failed to read `/Users/georgionicolas/Symbolic Software/Noise Explorer/NoiseExplorer/Cargo.toml`
ERROR 2019-03-26T13:49:38Z: rls::actions::hover: racer_def: skipping non-existant file: "/Users/georgionicolas/Symbolic Software/Noise Explorer/NoiseExplorer/implementations/rs/tests/I1K1.noise.rs"
ERROR 2019-03-26T13:50:44Z: rls::actions: failed to fetch project model, using fallback: failed to read `/Users/georgionicolas/Symbolic Software/Noise Explorer/NoiseExplorer/Cargo.toml`
ERROR 2019-03-26T13:50:50Z: rls::actions: failed to fetch project model, using fallback: failed to read `/Users/georgionicolas/Symbolic Software/Noise Explorer/NoiseExplorer/Cargo.toml`
